      Lon      Lat    Year NH3_fire NH3_soil NOx_fire NOx_soil N2O_fire N2O_soil  N2_fire  N2_soil    Total
   -16.40    19.80    1981   0.0000   0.0024   0.0000   0.4993   0.0000   0.4511   0.0000   0.0000   0.9528
   -16.40    19.80    1982   0.0000   0.0018   0.0000   0.3348   0.0000   0.2836   0.0000   0.0000   0.6201
   -16.40    19.80    1983   0.0000   0.0020   0.0000   0.3796   0.0000   0.3066   0.0000   0.0000   0.6882
   -16.40    19.80    1984   0.0000   0.0021   0.0000   0.3705   0.0000   0.2814   0.0000   0.0000   0.6540
   -16.40    19.80    1985   0.0000   0.0023   0.0000   0.4158   0.0000   0.3036   0.0000   0.0000   0.7217
   -16.40    19.80    1986   0.0000   0.0028   0.0000   0.5354   0.0000   0.4346   0.0000   0.0000   0.9728
   -16.40    19.80    1987   0.0000   0.0029   0.0000   0.5792   0.0000   0.4940   0.0000   0.0000   1.0761
   -16.40    19.80    1988   0.0000   0.0022   0.0000   0.6326   0.0000   0.6113   0.0000   0.0000   1.2461
   -16.40    19.80    1989   0.0000   0.0010   0.0000   0.2705   0.0000   0.2575   0.0000   0.0000   0.5289
   -16.40    19.80    1990   0.0000   0.0020   0.0000   0.5284   0.0000   0.5013   0.0000   0.0000   1.0317
   -16.40    19.80    1991   0.0000   0.0022   0.0000   0.4870   0.0000   0.4431   0.0000   0.0000   0.9323
   -16.40    19.80    1992   0.0000   0.0015   0.0000   0.3058   0.0000   0.2751   0.0000   0.0000   0.5823
   -16.40    19.80    1993   0.0000   0.0017   0.0000   0.3673   0.0000   0.3263   0.0000   0.0000   0.6953
   -16.40    19.80    1994   0.0000   0.0015   0.0000   0.3117   0.0000   0.2783   0.0000   0.0000   0.5916
   -16.40    19.80    1995   0.0000   0.0015   0.0000   0.3305   0.0000   0.2912   0.0000   0.0000   0.6232
   -16.40    19.80    1996   0.0000   0.0021   0.0000   0.4595   0.0000   0.4100   0.0000   0.0000   0.8716
   -16.40    19.80    1997   0.0000   0.0024   0.0000   0.4799   0.0000   0.4041   0.0000   0.0000   0.8864
   -16.40    19.80    1998   0.0000   0.0026   0.0000   0.6369   0.0000   0.5891   0.0000   0.0000   1.2286
   -16.40    19.80    1999   0.0000   0.0019   0.0000   0.4443   0.0000   0.4082   0.0000   0.0000   0.8543
   -16.40    19.80    2000   0.0000   0.0018   0.0000   0.3495   0.0000   0.2918   0.0000   0.0000   0.6431
   -16.40    19.80    2001   0.0000   0.0021   0.0000   0.4140   0.0000   0.3405   0.0000   0.0000   0.7565
   -16.40    19.80    2002   0.0000   0.0025   0.0000   0.4772   0.0000   0.4000   0.0000   0.0000   0.8797
   -16.40    19.80    2003   0.0000   0.0029   0.0000   0.6287   0.0000   0.5405   0.0000   0.0000   1.1721
   -16.40    19.80    2004   0.0000   0.0017   0.0000   0.3969   0.0000   0.3626   0.0000   0.0000   0.7612
   -16.40    19.80    2005   0.0000   0.0015   0.0000   0.4165   0.0000   0.3969   0.0000   0.0000   0.8149
   -16.40    19.80    2006   0.0000   0.0010   0.0000   0.2495   0.0000   0.2308   0.0000   0.0000   0.4813
   -16.40    19.80    2007   0.0000   0.0009   0.0000   0.1747   0.0000   0.1505   0.0000   0.0000   0.3261
   -16.40    19.80    2008   0.0000   0.0011   0.0000   0.2168   0.0000   0.1758   0.0000   0.0000   0.3937
   -16.40    19.80    2009   0.0000   0.0015   0.0000   0.3026   0.0000   0.2387   0.0000   0.0000   0.5429
   -16.40    19.80    2010   0.0000   0.0026   0.0000   0.6187   0.0000   0.5474   0.0000   0.0000   1.1687
   -16.40    19.80    2011   0.0000   0.0019   0.0000   0.4624   0.0000   0.4302   0.0000   0.0000   0.8944
   -16.40    19.80    2012   0.0000   0.0024   0.0000   0.5749   0.0000   0.5239   0.0000   0.0000   1.1012
   -16.40    19.80    2013   0.0000   0.0022   0.0000   0.5824   0.0000   0.5444   0.0000   0.0000   1.1290
   -16.40    19.80    2014   0.0000   0.0022   0.0000   0.5088   0.0000   0.4667   0.0000   0.0000   0.9777
   -16.40    19.80    2015   0.0000   0.0025   0.0000   0.5472   0.0000   0.4774   0.0000   0.0000   1.0271
   -16.40    19.80    2016   0.0000   0.0027   0.0000   0.5880   0.0000   0.5213   0.0000   0.0000   1.1120
   -16.40    19.80    2017   0.0000   0.0024   0.0000   0.5935   0.0000   0.5443   0.0000   0.0000   1.1402
   -16.40    19.80    2018   0.0000   0.0018   0.0000   0.4065   0.0000   0.3673   0.0000   0.0000   0.7756
   -16.40    19.80    2019   0.0000   0.0020   0.0000   0.4027   0.0000   0.3416   0.0000   0.0000   0.7463
